d:\documentos\github\opengl\opengl\opengl\debug\vc140.pdb
d:\documentos\github\opengl\opengl\opengl\debug\opengl.obj
d:\documentos\github\opengl\opengl\opengl\debug\main.obj
d:\documentos\github\opengl\opengl\opengl\debug\punto3d.obj
d:\documentos\github\opengl\opengl\opengl\debug\.netframework,version=v4.5.2.assemblyattributes.obj
d:\documentos\github\opengl\opengl\opengl\debug\.netframework,version=v4.5.2.assemblyattributes.asm
d:\documentos\github\opengl\opengl\debug\opengl.pdb
d:\documentos\github\opengl\opengl\opengl\debug\opengl.tlog\cl.command.1.tlog
d:\documentos\github\opengl\opengl\opengl\debug\opengl.tlog\cl.read.1.tlog
d:\documentos\github\opengl\opengl\opengl\debug\opengl.tlog\cl.write.1.tlog
d:\documentos\github\opengl\opengl\opengl\debug\opengl.tlog\link.6976-cvtres.read.1.tlog
d:\documentos\github\opengl\opengl\opengl\debug\opengl.tlog\link.6976-cvtres.write.1.tlog
d:\documentos\github\opengl\opengl\opengl\debug\opengl.tlog\link.6976-rc.read.1.tlog
d:\documentos\github\opengl\opengl\opengl\debug\opengl.tlog\link.6976-rc.write.1.tlog
d:\documentos\github\opengl\opengl\opengl\debug\opengl.tlog\link.6976.read.1.tlog
d:\documentos\github\opengl\opengl\opengl\debug\opengl.tlog\link.6976.write.1.tlog
d:\documentos\github\opengl\opengl\opengl\debug\opengl.tlog\link.command.1.tlog
d:\documentos\github\opengl\opengl\opengl\debug\opengl.tlog\link.read.1.tlog
d:\documentos\github\opengl\opengl\opengl\debug\opengl.tlog\link.write.1.tlog
d:\documentos\github\opengl\opengl\opengl\debug\opengl.tlog\metagen.read.1.tlog
d:\documentos\github\opengl\opengl\opengl\debug\opengl.tlog\metagen.write.1.tlog
d:\documentos\github\opengl\opengl\opengl\debug\opengl.tlog\tzres.dll.bi
